


LOGGING STARTED.
=================================================
[22-07-24::23:52:00]:[MESSAGE]:logging started.

[22-07-24::23:52:00]:[MESSAGE]:././share/fragment1.glsl
[22-07-24::23:52:00]:[MESSAGE]:././share/vertex1.glsl
[22-07-24::23:52:00]:[MESSAGE]:compositor loaded successfully.
[22-07-24::23:52:00]:[MESSAGE]:seat loaded successfully.
[22-07-24::23:52:00]:[MESSAGE]:zxdg_output_manager_v1 loaded successfully.
[22-07-24::23:52:00]:[MESSAGE]:wm_base loaded successfully.
[22-07-24::23:52:00]:[MESSAGE]:wl_output loaded successfully.
[22-07-24::23:52:00]:[MESSAGE]:EGL OPENGL API BIND FINISHED.
[22-07-24::23:52:00]:[MESSAGE]:EGL Context created successfully.
[22-07-24::23:52:00]:[MESSAGE]:successfully compiled ././share/vertex1.glsl
[22-07-24::23:52:00]:[MESSAGE]:successfully compiled ././share/fragment1.glsl
[22-07-24::23:52:00]:[MESSAGE]:Successfully linked all shaders.
[22-07-24::23:52:00]:[INFO]:Detaching and deleteing shader objects
[22-07-24::23:52:00]:[MESSAGE]:POINTER u_resolution: 1
[22-07-24::23:52:00]:[MESSAGE]:POINTER u_time: 0
[22-07-24::23:52:00]:[MESSAGE]:POINTER u_mouse: -1
[22-07-24::23:52:00]:[MESSAGE]:Pointer ID: 
[22-07-24::23:52:00]:[MESSAGE]:Pointer binded successfully.
[22-07-24::23:52:00]:[MESSAGE]:Keyboard binded successfully.
[22-07-24::23:52:00]:[INFO]:binding all pother pointer listeners.
[22-07-24::23:52:06]:[INFO]:./electra
[22-07-24::23:52:06]:[INFO]:./
[22-07-24::23:52:06]:[INFO]:./share/fragment1.glsl
[22-07-24::23:52:06]:[INFO]:././share/fragment1.glsl
[22-07-24::23:52:06]:[INFO]:./share/vertex1.glsl
[22-07-24::23:52:06]:[INFO]:././share/vertex1.glsl
[22-07-24::23:52:06]:[INFO]:Destroy EGL Surface.
[22-07-24::23:52:06]:[INFO]:Destroy EGL Context
[22-07-24::23:52:06]:[MESSAGE]:Log stopped..
